<?xml version="1.0" encoding="UTF-8"?>
<testng-results ignored="0" total="1" passed="1" failed="0" skipped="0">
  <reporter-output>
  </reporter-output>
  <suite started-at="2026-07-14T13:57:59 IST" name="Default suite" finished-at="2026-07-14T13:58:11 IST" duration-ms="11766">
    <groups>
    </groups>
    <test started-at="2026-07-14T13:57:59 IST" name="Default test" finished-at="2026-07-14T13:58:11 IST" duration-ms="11766">
      <class name="TestClass.Test1">
        <test-method is-config="true" signature="Browserlaunch()[pri:0, instance:TestClass.Test1@3b69e7d1]" started-at="2026-07-14T13:57:59 IST" name="Browserlaunch" finished-at="2026-07-14T13:58:03 IST" duration-ms="4313" status="PASS">
          <reporter-output>
          </reporter-output>
        </test-method> <!-- Browserlaunch -->
        <test-method signature="LoginTest()[pri:0, instance:TestClass.Test1@3b69e7d1]" started-at="2026-07-14T13:58:03 IST" name="LoginTest" finished-at="2026-07-14T13:58:10 IST" duration-ms="7066" status="PASS">
          <reporter-output>
          </reporter-output>
        </test-method> <!-- LoginTest -->
        <test-method is-config="true" signature="tearDown()[pri:0, instance:TestClass.Test1@3b69e7d1]" started-at="2026-07-14T13:58:10 IST" name="tearDown" finished-at="2026-07-14T13:58:11 IST" duration-ms="291" status="PASS">
          <reporter-output>
          </reporter-output>
        </test-method> <!-- tearDown -->
      </class> <!-- TestClass.Test1 -->
    </test> <!-- Default test -->
  </suite> <!-- Default suite -->
</testng-results>
